CRITICAL - 2023-04-11 03:54:11 --> Invalid file: "home.php"
in SYSTEMPATH\Exceptions\FrameworkException.php on line 33.
 1 SYSTEMPATH\View\View.php(201): CodeIgniter\Exceptions\FrameworkException::forInvalidFile('home.php')
 2 SYSTEMPATH\Common.php(1184): CodeIgniter\View\View->render('home.php', [], true)
 3 APPPATH\Controllers\Home.php(28): view('home.php')
 4 SYSTEMPATH\CodeIgniter.php(934): App\Controllers\Home->index()
 5 SYSTEMPATH\CodeIgniter.php(499): CodeIgniter\CodeIgniter->runController(Object(App\Controllers\Home))
 6 SYSTEMPATH\CodeIgniter.php(368): CodeIgniter\CodeIgniter->handleRequest(null, Object(Config\Cache), false)
 7 FCPATH\index.php(67): CodeIgniter\CodeIgniter->run()
CRITICAL - 2023-04-11 17:24:48 --> Invalid file: "footer.php"
in SYSTEMPATH\Exceptions\FrameworkException.php on line 33.
 1 SYSTEMPATH\View\View.php(201): CodeIgniter\Exceptions\FrameworkException::forInvalidFile('footer.php')
 2 SYSTEMPATH\Common.php(1184): CodeIgniter\View\View->render('footer.php', [], true)
 3 APPPATH\Controllers\Home.php(33): view('footer.php')
 4 SYSTEMPATH\CodeIgniter.php(934): App\Controllers\Home->piePagina()
 5 SYSTEMPATH\CodeIgniter.php(499): CodeIgniter\CodeIgniter->runController(Object(App\Controllers\Home))
 6 SYSTEMPATH\CodeIgniter.php(368): CodeIgniter\CodeIgniter->handleRequest(null, Object(Config\Cache), false)
 7 FCPATH\index.php(67): CodeIgniter\CodeIgniter->run()
CRITICAL - 2023-04-11 17:44:41 --> Invalid file: "piePagina.php"
in SYSTEMPATH\Exceptions\FrameworkException.php on line 33.
 1 SYSTEMPATH\View\View.php(201): CodeIgniter\Exceptions\FrameworkException::forInvalidFile('piePagina.php')
 2 SYSTEMPATH\Common.php(1184): CodeIgniter\View\View->render('piePagina.php', [], true)
 3 APPPATH\Controllers\Home.php(33): view('piePagina.php')
 4 SYSTEMPATH\CodeIgniter.php(934): App\Controllers\Home->piePagina()
 5 SYSTEMPATH\CodeIgniter.php(499): CodeIgniter\CodeIgniter->runController(Object(App\Controllers\Home))
 6 SYSTEMPATH\CodeIgniter.php(368): CodeIgniter\CodeIgniter->handleRequest(null, Object(Config\Cache), false)
 7 FCPATH\index.php(67): CodeIgniter\CodeIgniter->run()
CRITICAL - 2023-04-11 17:45:53 --> Invalid file: "piePagina.php"
in SYSTEMPATH\Exceptions\FrameworkException.php on line 33.
 1 SYSTEMPATH\View\View.php(201): CodeIgniter\Exceptions\FrameworkException::forInvalidFile('piePagina.php')
 2 SYSTEMPATH\Common.php(1184): CodeIgniter\View\View->render('piePagina.php', [], true)
 3 APPPATH\Controllers\Home.php(33): view('piePagina.php')
 4 SYSTEMPATH\CodeIgniter.php(934): App\Controllers\Home->piePagina()
 5 SYSTEMPATH\CodeIgniter.php(499): CodeIgniter\CodeIgniter->runController(Object(App\Controllers\Home))
 6 SYSTEMPATH\CodeIgniter.php(368): CodeIgniter\CodeIgniter->handleRequest(null, Object(Config\Cache), false)
 7 FCPATH\index.php(67): CodeIgniter\CodeIgniter->run()
CRITICAL - 2023-04-11 17:46:33 --> Invalid file: "piePagina.php"
in SYSTEMPATH\Exceptions\FrameworkException.php on line 33.
 1 SYSTEMPATH\View\View.php(201): CodeIgniter\Exceptions\FrameworkException::forInvalidFile('piePagina.php')
 2 SYSTEMPATH\Common.php(1184): CodeIgniter\View\View->render('piePagina.php', [], true)
 3 APPPATH\Controllers\Home.php(33): view('piePagina.php')
 4 SYSTEMPATH\CodeIgniter.php(934): App\Controllers\Home->piePagina()
 5 SYSTEMPATH\CodeIgniter.php(499): CodeIgniter\CodeIgniter->runController(Object(App\Controllers\Home))
 6 SYSTEMPATH\CodeIgniter.php(368): CodeIgniter\CodeIgniter->handleRequest(null, Object(Config\Cache), false)
 7 FCPATH\index.php(67): CodeIgniter\CodeIgniter->run()
CRITICAL - 2023-04-11 17:47:03 --> Invalid file: "piePagina.php"
in SYSTEMPATH\Exceptions\FrameworkException.php on line 33.
 1 SYSTEMPATH\View\View.php(201): CodeIgniter\Exceptions\FrameworkException::forInvalidFile('piePagina.php')
 2 SYSTEMPATH\Common.php(1184): CodeIgniter\View\View->render('piePagina.php', [], true)
 3 APPPATH\Controllers\Home.php(33): view('piePagina.php')
 4 SYSTEMPATH\CodeIgniter.php(934): App\Controllers\Home->piePagina()
 5 SYSTEMPATH\CodeIgniter.php(499): CodeIgniter\CodeIgniter->runController(Object(App\Controllers\Home))
 6 SYSTEMPATH\CodeIgniter.php(368): CodeIgniter\CodeIgniter->handleRequest(null, Object(Config\Cache), false)
 7 FCPATH\index.php(67): CodeIgniter\CodeIgniter->run()
CRITICAL - 2023-04-11 18:50:07 --> Invalid file: "plantillas/cabecera.php"
in SYSTEMPATH\Exceptions\FrameworkException.php on line 33.
 1 SYSTEMPATH\View\View.php(201): CodeIgniter\Exceptions\FrameworkException::forInvalidFile('plantillas/cabecera.php')
 2 SYSTEMPATH\Common.php(1184): CodeIgniter\View\View->render('plantillas/cabecera.php', [], true)
 3 APPPATH\Controllers\Home.php(9): view('plantillas/cabecera.php')
 4 SYSTEMPATH\CodeIgniter.php(934): App\Controllers\Home->inicio()
 5 SYSTEMPATH\CodeIgniter.php(499): CodeIgniter\CodeIgniter->runController(Object(App\Controllers\Home))
 6 SYSTEMPATH\CodeIgniter.php(368): CodeIgniter\CodeIgniter->handleRequest(null, Object(Config\Cache), false)
 7 FCPATH\index.php(67): CodeIgniter\CodeIgniter->run()
CRITICAL - 2023-04-11 18:50:10 --> Invalid file: "plantillas/cabecera.php"
in SYSTEMPATH\Exceptions\FrameworkException.php on line 33.
 1 SYSTEMPATH\View\View.php(201): CodeIgniter\Exceptions\FrameworkException::forInvalidFile('plantillas/cabecera.php')
 2 SYSTEMPATH\Common.php(1184): CodeIgniter\View\View->render('plantillas/cabecera.php', [], true)
 3 APPPATH\Controllers\Home.php(9): view('plantillas/cabecera.php')
 4 SYSTEMPATH\CodeIgniter.php(934): App\Controllers\Home->inicio()
 5 SYSTEMPATH\CodeIgniter.php(499): CodeIgniter\CodeIgniter->runController(Object(App\Controllers\Home))
 6 SYSTEMPATH\CodeIgniter.php(368): CodeIgniter\CodeIgniter->handleRequest(null, Object(Config\Cache), false)
 7 FCPATH\index.php(67): CodeIgniter\CodeIgniter->run()
CRITICAL - 2023-04-11 18:53:34 --> Invalid file: "plantillas/cabecera.php"
in SYSTEMPATH\Exceptions\FrameworkException.php on line 33.
 1 SYSTEMPATH\View\View.php(201): CodeIgniter\Exceptions\FrameworkException::forInvalidFile('plantillas/cabecera.php')
 2 SYSTEMPATH\Common.php(1184): CodeIgniter\View\View->render('plantillas/cabecera.php', [], true)
 3 APPPATH\Controllers\Home.php(9): view('plantillas/cabecera.php')
 4 SYSTEMPATH\CodeIgniter.php(934): App\Controllers\Home->inicio()
 5 SYSTEMPATH\CodeIgniter.php(499): CodeIgniter\CodeIgniter->runController(Object(App\Controllers\Home))
 6 SYSTEMPATH\CodeIgniter.php(368): CodeIgniter\CodeIgniter->handleRequest(null, Object(Config\Cache), false)
 7 FCPATH\index.php(67): CodeIgniter\CodeIgniter->run()
