CRITICAL - 2023-04-25 12:34:06 --> Undefined variable $titulo
in APPPATH\Views\plantillas\cabecera.php on line 22.
 1 APPPATH\Views\plantillas\cabecera.php(22): CodeIgniter\Debug\Exceptions->errorHandler(2, 'Undefined variable $titulo', 'C:\\xampp\\htdocs\\Proyecto_Fernandez_Aimara\\app\\Views\\plantillas\\cabecera.php', 22)
 2 SYSTEMPATH\View\View.php(213): include('C:\\xampp\\htdocs\\Proyecto_Fernandez_Aimara\\app\\Views\\plantillas\\cabecera.php')
 3 SYSTEMPATH\View\View.php(216): CodeIgniter\View\View->CodeIgniter\View\{closure}()
 4 SYSTEMPATH\Common.php(1184): CodeIgniter\View\View->render('plantillas/cabecera.php', [], true)
 5 APPPATH\Controllers\Home.php(19): view('plantillas/cabecera.php')
 6 SYSTEMPATH\CodeIgniter.php(934): App\Controllers\Home->quienesSomos()
 7 SYSTEMPATH\CodeIgniter.php(499): CodeIgniter\CodeIgniter->runController(Object(App\Controllers\Home))
 8 SYSTEMPATH\CodeIgniter.php(368): CodeIgniter\CodeIgniter->handleRequest(null, Object(Config\Cache), false)
 9 FCPATH\index.php(67): CodeIgniter\CodeIgniter->run()
CRITICAL - 2023-04-25 12:34:31 --> Undefined variable $titulo
in APPPATH\Views\plantillas\cabecera.php on line 22.
 1 APPPATH\Views\plantillas\cabecera.php(22): CodeIgniter\Debug\Exceptions->errorHandler(2, 'Undefined variable $titulo', 'C:\\xampp\\htdocs\\Proyecto_Fernandez_Aimara\\app\\Views\\plantillas\\cabecera.php', 22)
 2 SYSTEMPATH\View\View.php(213): include('C:\\xampp\\htdocs\\Proyecto_Fernandez_Aimara\\app\\Views\\plantillas\\cabecera.php')
 3 SYSTEMPATH\View\View.php(216): CodeIgniter\View\View->CodeIgniter\View\{closure}()
 4 SYSTEMPATH\Common.php(1184): CodeIgniter\View\View->render('plantillas/cabecera.php', [], true)
 5 APPPATH\Controllers\Home.php(9): view('plantillas/cabecera.php')
 6 SYSTEMPATH\CodeIgniter.php(934): App\Controllers\Home->inicio()
 7 SYSTEMPATH\CodeIgniter.php(499): CodeIgniter\CodeIgniter->runController(Object(App\Controllers\Home))
 8 SYSTEMPATH\CodeIgniter.php(368): CodeIgniter\CodeIgniter->handleRequest(null, Object(Config\Cache), false)
 9 FCPATH\index.php(67): CodeIgniter\CodeIgniter->run()
CRITICAL - 2023-04-25 16:49:53 --> Unmatched '}'
in APPPATH\Config\Routes.php on line 68.
 1 SYSTEMPATH\CodeIgniter.php(802): CodeIgniter\Router\RouteCollection->loadRoutes()
 2 SYSTEMPATH\CodeIgniter.php(449): CodeIgniter\CodeIgniter->tryToRouteIt(null)
 3 SYSTEMPATH\CodeIgniter.php(368): CodeIgniter\CodeIgniter->handleRequest(null, Object(Config\Cache), false)
 4 FCPATH\index.php(67): CodeIgniter\CodeIgniter->run()
CRITICAL - 2023-04-25 17:37:09 --> Invalid file: "plantillas/menu.php"
in SYSTEMPATH\Exceptions\FrameworkException.php on line 33.
 1 SYSTEMPATH\View\View.php(201): CodeIgniter\Exceptions\FrameworkException::forInvalidFile('plantillas/menu.php')
 2 SYSTEMPATH\Common.php(1184): CodeIgniter\View\View->render('plantillas/menu.php', [], true)
 3 APPPATH\Controllers\Home.php(36): view('plantillas/menu.php')
 4 SYSTEMPATH\CodeIgniter.php(934): App\Controllers\Home->terminosUsos()
 5 SYSTEMPATH\CodeIgniter.php(499): CodeIgniter\CodeIgniter->runController(Object(App\Controllers\Home))
 6 SYSTEMPATH\CodeIgniter.php(368): CodeIgniter\CodeIgniter->handleRequest(null, Object(Config\Cache), false)
 7 FCPATH\index.php(67): CodeIgniter\CodeIgniter->run()
CRITICAL - 2023-04-25 17:39:51 --> Invalid file: "plantillas/menu.php"
in SYSTEMPATH\Exceptions\FrameworkException.php on line 33.
 1 SYSTEMPATH\View\View.php(201): CodeIgniter\Exceptions\FrameworkException::forInvalidFile('plantillas/menu.php')
 2 SYSTEMPATH\Common.php(1184): CodeIgniter\View\View->render('plantillas/menu.php', [], true)
 3 APPPATH\Controllers\Home.php(10): view('plantillas/menu.php')
 4 SYSTEMPATH\CodeIgniter.php(934): App\Controllers\Home->inicio()
 5 SYSTEMPATH\CodeIgniter.php(499): CodeIgniter\CodeIgniter->runController(Object(App\Controllers\Home))
 6 SYSTEMPATH\CodeIgniter.php(368): CodeIgniter\CodeIgniter->handleRequest(null, Object(Config\Cache), false)
 7 FCPATH\index.php(67): CodeIgniter\CodeIgniter->run()
CRITICAL - 2023-04-25 17:39:55 --> Invalid file: "plantillas/menu.php"
in SYSTEMPATH\Exceptions\FrameworkException.php on line 33.
 1 SYSTEMPATH\View\View.php(201): CodeIgniter\Exceptions\FrameworkException::forInvalidFile('plantillas/menu.php')
 2 SYSTEMPATH\Common.php(1184): CodeIgniter\View\View->render('plantillas/menu.php', [], true)
 3 APPPATH\Controllers\Home.php(10): view('plantillas/menu.php')
 4 SYSTEMPATH\CodeIgniter.php(934): App\Controllers\Home->inicio()
 5 SYSTEMPATH\CodeIgniter.php(499): CodeIgniter\CodeIgniter->runController(Object(App\Controllers\Home))
 6 SYSTEMPATH\CodeIgniter.php(368): CodeIgniter\CodeIgniter->handleRequest(null, Object(Config\Cache), false)
 7 FCPATH\index.php(67): CodeIgniter\CodeIgniter->run()
CRITICAL - 2023-04-25 17:40:50 --> Invalid file: "plantillas/menu.php"
in SYSTEMPATH\Exceptions\FrameworkException.php on line 33.
 1 SYSTEMPATH\View\View.php(201): CodeIgniter\Exceptions\FrameworkException::forInvalidFile('plantillas/menu.php')
 2 SYSTEMPATH\Common.php(1184): CodeIgniter\View\View->render('plantillas/menu.php', [], true)
 3 APPPATH\Controllers\Home.php(10): view('plantillas/menu.php')
 4 SYSTEMPATH\CodeIgniter.php(934): App\Controllers\Home->inicio()
 5 SYSTEMPATH\CodeIgniter.php(499): CodeIgniter\CodeIgniter->runController(Object(App\Controllers\Home))
 6 SYSTEMPATH\CodeIgniter.php(368): CodeIgniter\CodeIgniter->handleRequest(null, Object(Config\Cache), false)
 7 FCPATH\index.php(67): CodeIgniter\CodeIgniter->run()
CRITICAL - 2023-04-25 17:40:53 --> Invalid file: "plantillas/menu.php"
in SYSTEMPATH\Exceptions\FrameworkException.php on line 33.
 1 SYSTEMPATH\View\View.php(201): CodeIgniter\Exceptions\FrameworkException::forInvalidFile('plantillas/menu.php')
 2 SYSTEMPATH\Common.php(1184): CodeIgniter\View\View->render('plantillas/menu.php', [], true)
 3 APPPATH\Controllers\Home.php(10): view('plantillas/menu.php')
 4 SYSTEMPATH\CodeIgniter.php(934): App\Controllers\Home->inicio()
 5 SYSTEMPATH\CodeIgniter.php(499): CodeIgniter\CodeIgniter->runController(Object(App\Controllers\Home))
 6 SYSTEMPATH\CodeIgniter.php(368): CodeIgniter\CodeIgniter->handleRequest(null, Object(Config\Cache), false)
 7 FCPATH\index.php(67): CodeIgniter\CodeIgniter->run()
