CRITICAL - 2023-05-22 01:26:08 --> Call to undefined function set_value()
in APPPATH\Views\plantillas\registro.php on line 7.
 1 SYSTEMPATH\View\View.php(213): include()
 2 SYSTEMPATH\View\View.php(216): CodeIgniter\View\View->CodeIgniter\View\{closure}()
 3 SYSTEMPATH\Common.php(1184): CodeIgniter\View\View->render('plantillas/registro.php', [], true)
 4 APPPATH\Controllers\Home.php(63): view('plantillas/registro.php')
 5 SYSTEMPATH\CodeIgniter.php(934): App\Controllers\Home->registro()
 6 SYSTEMPATH\CodeIgniter.php(499): CodeIgniter\CodeIgniter->runController(Object(App\Controllers\Home))
 7 SYSTEMPATH\CodeIgniter.php(368): CodeIgniter\CodeIgniter->handleRequest(null, Object(Config\Cache), false)
 8 FCPATH\index.php(67): CodeIgniter\CodeIgniter->run()
CRITICAL - 2023-05-22 04:37:18 --> Invalid file: "plantillas/iniciarSession.php"
in SYSTEMPATH\Exceptions\FrameworkException.php on line 33.
 1 SYSTEMPATH\View\View.php(201): CodeIgniter\Exceptions\FrameworkException::forInvalidFile('plantillas/iniciarSession.php')
 2 SYSTEMPATH\Common.php(1184): CodeIgniter\View\View->render('plantillas/iniciarSession.php', [], true)
 3 APPPATH\Controllers\UsuarioController.php(24): view('plantillas/iniciarSession.php')
 4 SYSTEMPATH\CodeIgniter.php(934): App\Controllers\UsuarioController->inicioSession()
 5 SYSTEMPATH\CodeIgniter.php(499): CodeIgniter\CodeIgniter->runController(Object(App\Controllers\UsuarioController))
 6 SYSTEMPATH\CodeIgniter.php(368): CodeIgniter\CodeIgniter->handleRequest(null, Object(Config\Cache), false)
 7 FCPATH\index.php(67): CodeIgniter\CodeIgniter->run()
CRITICAL - 2023-05-22 04:38:11 --> Invalid file: "plantillas/iniciarSession.php"
in SYSTEMPATH\Exceptions\FrameworkException.php on line 33.
 1 SYSTEMPATH\View\View.php(201): CodeIgniter\Exceptions\FrameworkException::forInvalidFile('plantillas/iniciarSession.php')
 2 SYSTEMPATH\Common.php(1184): CodeIgniter\View\View->render('plantillas/iniciarSession.php', [], true)
 3 APPPATH\Controllers\UsuarioController.php(24): view('plantillas/iniciarSession.php')
 4 SYSTEMPATH\CodeIgniter.php(934): App\Controllers\UsuarioController->inicioSession()
 5 SYSTEMPATH\CodeIgniter.php(499): CodeIgniter\CodeIgniter->runController(Object(App\Controllers\UsuarioController))
 6 SYSTEMPATH\CodeIgniter.php(368): CodeIgniter\CodeIgniter->handleRequest(null, Object(Config\Cache), false)
 7 FCPATH\index.php(67): CodeIgniter\CodeIgniter->run()
CRITICAL - 2023-05-22 04:38:46 --> Invalid file: "plantillas/iniciarSession.php"
in SYSTEMPATH\Exceptions\FrameworkException.php on line 33.
 1 SYSTEMPATH\View\View.php(201): CodeIgniter\Exceptions\FrameworkException::forInvalidFile('plantillas/iniciarSession.php')
 2 SYSTEMPATH\Common.php(1184): CodeIgniter\View\View->render('plantillas/iniciarSession.php', [], true)
 3 APPPATH\Controllers\UsuarioController.php(24): view('plantillas/iniciarSession.php')
 4 SYSTEMPATH\CodeIgniter.php(934): App\Controllers\UsuarioController->inicioSession()
 5 SYSTEMPATH\CodeIgniter.php(499): CodeIgniter\CodeIgniter->runController(Object(App\Controllers\UsuarioController))
 6 SYSTEMPATH\CodeIgniter.php(368): CodeIgniter\CodeIgniter->handleRequest(null, Object(Config\Cache), false)
 7 FCPATH\index.php(67): CodeIgniter\CodeIgniter->run()
CRITICAL - 2023-05-22 04:39:42 --> Invalid file: "plantillas/iniciarSession.php"
in SYSTEMPATH\Exceptions\FrameworkException.php on line 33.
 1 SYSTEMPATH\View\View.php(201): CodeIgniter\Exceptions\FrameworkException::forInvalidFile('plantillas/iniciarSession.php')
 2 SYSTEMPATH\Common.php(1184): CodeIgniter\View\View->render('plantillas/iniciarSession.php', [], true)
 3 APPPATH\Controllers\UsuarioController.php(24): view('plantillas/iniciarSession.php')
 4 SYSTEMPATH\CodeIgniter.php(934): App\Controllers\UsuarioController->inicioSession()
 5 SYSTEMPATH\CodeIgniter.php(499): CodeIgniter\CodeIgniter->runController(Object(App\Controllers\UsuarioController))
 6 SYSTEMPATH\CodeIgniter.php(368): CodeIgniter\CodeIgniter->handleRequest(null, Object(Config\Cache), false)
 7 FCPATH\index.php(67): CodeIgniter\CodeIgniter->run()
CRITICAL - 2023-05-22 04:39:50 --> Invalid file: "plantillas/iniciarSession.php"
in SYSTEMPATH\Exceptions\FrameworkException.php on line 33.
 1 SYSTEMPATH\View\View.php(201): CodeIgniter\Exceptions\FrameworkException::forInvalidFile('plantillas/iniciarSession.php')
 2 SYSTEMPATH\Common.php(1184): CodeIgniter\View\View->render('plantillas/iniciarSession.php', [], true)
 3 APPPATH\Controllers\UsuarioController.php(24): view('plantillas/iniciarSession.php')
 4 SYSTEMPATH\CodeIgniter.php(934): App\Controllers\UsuarioController->inicioSession()
 5 SYSTEMPATH\CodeIgniter.php(499): CodeIgniter\CodeIgniter->runController(Object(App\Controllers\UsuarioController))
 6 SYSTEMPATH\CodeIgniter.php(368): CodeIgniter\CodeIgniter->handleRequest(null, Object(Config\Cache), false)
 7 FCPATH\index.php(67): CodeIgniter\CodeIgniter->run()
CRITICAL - 2023-05-22 04:40:09 --> Invalid file: "plantillas/iniciarSession.php"
in SYSTEMPATH\Exceptions\FrameworkException.php on line 33.
 1 SYSTEMPATH\View\View.php(201): CodeIgniter\Exceptions\FrameworkException::forInvalidFile('plantillas/iniciarSession.php')
 2 SYSTEMPATH\Common.php(1184): CodeIgniter\View\View->render('plantillas/iniciarSession.php', [], true)
 3 APPPATH\Controllers\UsuarioController.php(24): view('plantillas/iniciarSession.php')
 4 SYSTEMPATH\CodeIgniter.php(934): App\Controllers\UsuarioController->inicioSession()
 5 SYSTEMPATH\CodeIgniter.php(499): CodeIgniter\CodeIgniter->runController(Object(App\Controllers\UsuarioController))
 6 SYSTEMPATH\CodeIgniter.php(368): CodeIgniter\CodeIgniter->handleRequest(null, Object(Config\Cache), false)
 7 FCPATH\index.php(67): CodeIgniter\CodeIgniter->run()
CRITICAL - 2023-05-22 08:55:29 --> syntax error, unexpected token ";", expecting "]"
in APPPATH\Controllers\UsuarioController.php on line 44.
 1 SYSTEMPATH\Autoloader\Autoloader.php(289): CodeIgniter\Autoloader\Autoloader->includeFile('C:\\xampp\\htdocs\\Proyecto_Fernandez_Aimara\\app\\Controllers\\UsuarioController.php')
 2 SYSTEMPATH\Autoloader\Autoloader.php(267): CodeIgniter\Autoloader\Autoloader->loadInNamespace('App\\Controllers\\UsuarioController')
 3 [internal function]: CodeIgniter\Autoloader\Autoloader->loadClass('App\\Controllers\\UsuarioController')
 4 SYSTEMPATH\CodeIgniter.php(892): class_exists('\\App\\Controllers\\UsuarioController', true)
 5 SYSTEMPATH\CodeIgniter.php(486): CodeIgniter\CodeIgniter->startController()
 6 SYSTEMPATH\CodeIgniter.php(368): CodeIgniter\CodeIgniter->handleRequest(null, Object(Config\Cache), false)
 7 FCPATH\index.php(67): CodeIgniter\CodeIgniter->run()
CRITICAL - 2023-05-22 08:58:04 --> syntax error, unexpected token ";", expecting "]"
in APPPATH\Controllers\UsuarioController.php on line 44.
 1 SYSTEMPATH\Autoloader\Autoloader.php(289): CodeIgniter\Autoloader\Autoloader->includeFile('C:\\xampp\\htdocs\\Proyecto_Fernandez_Aimara\\app\\Controllers\\UsuarioController.php')
 2 SYSTEMPATH\Autoloader\Autoloader.php(267): CodeIgniter\Autoloader\Autoloader->loadInNamespace('App\\Controllers\\UsuarioController')
 3 [internal function]: CodeIgniter\Autoloader\Autoloader->loadClass('App\\Controllers\\UsuarioController')
 4 SYSTEMPATH\CodeIgniter.php(892): class_exists('\\App\\Controllers\\UsuarioController', true)
 5 SYSTEMPATH\CodeIgniter.php(486): CodeIgniter\CodeIgniter->startController()
 6 SYSTEMPATH\CodeIgniter.php(368): CodeIgniter\CodeIgniter->handleRequest(null, Object(Config\Cache), false)
 7 FCPATH\index.php(67): CodeIgniter\CodeIgniter->run()
INFO - 2023-05-22 17:39:28 --> Session: Class initialized using 'CodeIgniter\Session\Handlers\FileHandler' driver.
CRITICAL - 2023-05-22 17:39:28 --> Invalid file: "inicio.php"
in SYSTEMPATH\Exceptions\FrameworkException.php on line 33.
 1 SYSTEMPATH\View\View.php(201): CodeIgniter\Exceptions\FrameworkException::forInvalidFile('inicio.php')
 2 SYSTEMPATH\Common.php(1184): CodeIgniter\View\View->render('inicio', [], true)
 3 APPPATH\Controllers\Home.php(17): view('inicio')
 4 SYSTEMPATH\CodeIgniter.php(934): App\Controllers\Home->inicio()
 5 SYSTEMPATH\CodeIgniter.php(499): CodeIgniter\CodeIgniter->runController(Object(App\Controllers\Home))
 6 SYSTEMPATH\CodeIgniter.php(368): CodeIgniter\CodeIgniter->handleRequest(null, Object(Config\Cache), false)
 7 FCPATH\index.php(67): CodeIgniter\CodeIgniter->run()
CRITICAL - 2023-05-22 20:29:36 --> Call to undefined function set_value()
in APPPATH\Views\plantillas\registro.php on line 12.
 1 SYSTEMPATH\View\View.php(213): include()
 2 SYSTEMPATH\View\View.php(216): CodeIgniter\View\View->CodeIgniter\View\{closure}()
 3 SYSTEMPATH\Common.php(1184): CodeIgniter\View\View->render('plantillas/registro.php', [], true)
 4 APPPATH\Controllers\UsuarioController.php(14): view('plantillas/registro.php')
 5 SYSTEMPATH\CodeIgniter.php(934): App\Controllers\UsuarioController->registro()
 6 SYSTEMPATH\CodeIgniter.php(499): CodeIgniter\CodeIgniter->runController(Object(App\Controllers\UsuarioController))
 7 SYSTEMPATH\CodeIgniter.php(368): CodeIgniter\CodeIgniter->handleRequest(null, Object(Config\Cache), false)
 8 FCPATH\index.php(67): CodeIgniter\CodeIgniter->run()
INFO - 2023-05-22 20:29:47 --> Session: Class initialized using 'CodeIgniter\Session\Handlers\FileHandler' driver.
CRITICAL - 2023-05-22 20:29:47 --> Invalid file: "inicio.php"
in SYSTEMPATH\Exceptions\FrameworkException.php on line 33.
 1 SYSTEMPATH\View\View.php(201): CodeIgniter\Exceptions\FrameworkException::forInvalidFile('inicio.php')
 2 SYSTEMPATH\Common.php(1184): CodeIgniter\View\View->render('inicio', [], true)
 3 APPPATH\Controllers\Home.php(17): view('inicio')
 4 SYSTEMPATH\CodeIgniter.php(934): App\Controllers\Home->inicio()
 5 SYSTEMPATH\CodeIgniter.php(499): CodeIgniter\CodeIgniter->runController(Object(App\Controllers\Home))
 6 SYSTEMPATH\CodeIgniter.php(368): CodeIgniter\CodeIgniter->handleRequest(null, Object(Config\Cache), false)
 7 FCPATH\index.php(67): CodeIgniter\CodeIgniter->run()
INFO - 2023-05-22 20:30:11 --> Session: Class initialized using 'CodeIgniter\Session\Handlers\FileHandler' driver.
CRITICAL - 2023-05-22 20:30:11 --> Invalid file: "inicio.php"
in SYSTEMPATH\Exceptions\FrameworkException.php on line 33.
 1 SYSTEMPATH\View\View.php(201): CodeIgniter\Exceptions\FrameworkException::forInvalidFile('inicio.php')
 2 SYSTEMPATH\Common.php(1184): CodeIgniter\View\View->render('inicio', [], true)
 3 APPPATH\Controllers\Home.php(17): view('inicio')
 4 SYSTEMPATH\CodeIgniter.php(934): App\Controllers\Home->inicio()
 5 SYSTEMPATH\CodeIgniter.php(499): CodeIgniter\CodeIgniter->runController(Object(App\Controllers\Home))
 6 SYSTEMPATH\CodeIgniter.php(368): CodeIgniter\CodeIgniter->handleRequest(null, Object(Config\Cache), false)
 7 FCPATH\index.php(67): CodeIgniter\CodeIgniter->run()
INFO - 2023-05-22 20:44:38 --> Session: Class initialized using 'CodeIgniter\Session\Handlers\FileHandler' driver.
CRITICAL - 2023-05-22 20:44:38 --> Invalid file: "inicio.php"
in SYSTEMPATH\Exceptions\FrameworkException.php on line 33.
 1 SYSTEMPATH\View\View.php(201): CodeIgniter\Exceptions\FrameworkException::forInvalidFile('inicio.php')
 2 SYSTEMPATH\Common.php(1184): CodeIgniter\View\View->render('inicio', [], true)
 3 APPPATH\Controllers\Home.php(17): view('inicio')
 4 SYSTEMPATH\CodeIgniter.php(934): App\Controllers\Home->inicio()
 5 SYSTEMPATH\CodeIgniter.php(499): CodeIgniter\CodeIgniter->runController(Object(App\Controllers\Home))
 6 SYSTEMPATH\CodeIgniter.php(368): CodeIgniter\CodeIgniter->handleRequest(null, Object(Config\Cache), false)
 7 FCPATH\index.php(67): CodeIgniter\CodeIgniter->run()
INFO - 2023-05-22 20:47:01 --> Session: Class initialized using 'CodeIgniter\Session\Handlers\FileHandler' driver.
CRITICAL - 2023-05-22 20:47:01 --> Invalid file: "inicio.php"
in SYSTEMPATH\Exceptions\FrameworkException.php on line 33.
 1 SYSTEMPATH\View\View.php(201): CodeIgniter\Exceptions\FrameworkException::forInvalidFile('inicio.php')
 2 SYSTEMPATH\Common.php(1184): CodeIgniter\View\View->render('inicio', [], true)
 3 APPPATH\Controllers\Home.php(17): view('inicio')
 4 SYSTEMPATH\CodeIgniter.php(934): App\Controllers\Home->inicio()
 5 SYSTEMPATH\CodeIgniter.php(499): CodeIgniter\CodeIgniter->runController(Object(App\Controllers\Home))
 6 SYSTEMPATH\CodeIgniter.php(368): CodeIgniter\CodeIgniter->handleRequest(null, Object(Config\Cache), false)
 7 FCPATH\index.php(67): CodeIgniter\CodeIgniter->run()
CRITICAL - 2023-05-22 21:08:25 --> syntax error, unexpected token "public"
in APPPATH\Controllers\UsuarioController.php on line 28.
 1 SYSTEMPATH\Autoloader\Autoloader.php(289): CodeIgniter\Autoloader\Autoloader->includeFile('C:\\xampp\\htdocs\\Proyecto_Fernandez_Aimara\\app\\Controllers\\UsuarioController.php')
 2 SYSTEMPATH\Autoloader\Autoloader.php(267): CodeIgniter\Autoloader\Autoloader->loadInNamespace('App\\Controllers\\UsuarioController')
 3 [internal function]: CodeIgniter\Autoloader\Autoloader->loadClass('App\\Controllers\\UsuarioController')
 4 SYSTEMPATH\CodeIgniter.php(892): class_exists('\\App\\Controllers\\UsuarioController', true)
 5 SYSTEMPATH\CodeIgniter.php(486): CodeIgniter\CodeIgniter->startController()
 6 SYSTEMPATH\CodeIgniter.php(368): CodeIgniter\CodeIgniter->handleRequest(null, Object(Config\Cache), false)
 7 FCPATH\index.php(67): CodeIgniter\CodeIgniter->run()
CRITICAL - 2023-05-22 21:13:12 --> syntax error, unexpected token "public", expecting end of file
in APPPATH\Controllers\UsuarioController.php on line 29.
 1 SYSTEMPATH\Autoloader\Autoloader.php(289): CodeIgniter\Autoloader\Autoloader->includeFile('C:\\xampp\\htdocs\\Proyecto_Fernandez_Aimara\\app\\Controllers\\UsuarioController.php')
 2 SYSTEMPATH\Autoloader\Autoloader.php(267): CodeIgniter\Autoloader\Autoloader->loadInNamespace('App\\Controllers\\UsuarioController')
 3 [internal function]: CodeIgniter\Autoloader\Autoloader->loadClass('App\\Controllers\\UsuarioController')
 4 SYSTEMPATH\CodeIgniter.php(892): class_exists('\\App\\Controllers\\UsuarioController', true)
 5 SYSTEMPATH\CodeIgniter.php(486): CodeIgniter\CodeIgniter->startController()
 6 SYSTEMPATH\CodeIgniter.php(368): CodeIgniter\CodeIgniter->handleRequest(null, Object(Config\Cache), false)
 7 FCPATH\index.php(67): CodeIgniter\CodeIgniter->run()
INFO - 2023-05-22 21:14:11 --> Session: Class initialized using 'CodeIgniter\Session\Handlers\FileHandler' driver.
CRITICAL - 2023-05-22 21:14:11 --> Invalid file: "inicio.php"
in SYSTEMPATH\Exceptions\FrameworkException.php on line 33.
 1 SYSTEMPATH\View\View.php(201): CodeIgniter\Exceptions\FrameworkException::forInvalidFile('inicio.php')
 2 SYSTEMPATH\Common.php(1184): CodeIgniter\View\View->render('inicio', [], true)
 3 APPPATH\Controllers\Home.php(17): view('inicio')
 4 SYSTEMPATH\CodeIgniter.php(934): App\Controllers\Home->inicio()
 5 SYSTEMPATH\CodeIgniter.php(499): CodeIgniter\CodeIgniter->runController(Object(App\Controllers\Home))
 6 SYSTEMPATH\CodeIgniter.php(368): CodeIgniter\CodeIgniter->handleRequest(null, Object(Config\Cache), false)
 7 FCPATH\index.php(67): CodeIgniter\CodeIgniter->run()
INFO - 2023-05-22 21:14:30 --> Session: Class initialized using 'CodeIgniter\Session\Handlers\FileHandler' driver.
CRITICAL - 2023-05-22 21:14:30 --> Invalid file: "inicio.php"
in SYSTEMPATH\Exceptions\FrameworkException.php on line 33.
 1 SYSTEMPATH\View\View.php(201): CodeIgniter\Exceptions\FrameworkException::forInvalidFile('inicio.php')
 2 SYSTEMPATH\Common.php(1184): CodeIgniter\View\View->render('inicio', [], true)
 3 APPPATH\Controllers\Home.php(17): view('inicio')
 4 SYSTEMPATH\CodeIgniter.php(934): App\Controllers\Home->inicio()
 5 SYSTEMPATH\CodeIgniter.php(499): CodeIgniter\CodeIgniter->runController(Object(App\Controllers\Home))
 6 SYSTEMPATH\CodeIgniter.php(368): CodeIgniter\CodeIgniter->handleRequest(null, Object(Config\Cache), false)
 7 FCPATH\index.php(67): CodeIgniter\CodeIgniter->run()
INFO - 2023-05-22 21:31:29 --> Session: Class initialized using 'CodeIgniter\Session\Handlers\FileHandler' driver.
CRITICAL - 2023-05-22 21:31:29 --> Invalid file: "inicio.php"
in SYSTEMPATH\Exceptions\FrameworkException.php on line 33.
 1 SYSTEMPATH\View\View.php(201): CodeIgniter\Exceptions\FrameworkException::forInvalidFile('inicio.php')
 2 SYSTEMPATH\Common.php(1184): CodeIgniter\View\View->render('inicio', [], true)
 3 APPPATH\Controllers\Home.php(17): view('inicio')
 4 SYSTEMPATH\CodeIgniter.php(934): App\Controllers\Home->inicio()
 5 SYSTEMPATH\CodeIgniter.php(499): CodeIgniter\CodeIgniter->runController(Object(App\Controllers\Home))
 6 SYSTEMPATH\CodeIgniter.php(368): CodeIgniter\CodeIgniter->handleRequest(null, Object(Config\Cache), false)
 7 FCPATH\index.php(67): CodeIgniter\CodeIgniter->run()
INFO - 2023-05-22 21:44:45 --> Session: Class initialized using 'CodeIgniter\Session\Handlers\FileHandler' driver.
CRITICAL - 2023-05-22 21:44:45 --> Invalid file: "inicio.php"
in SYSTEMPATH\Exceptions\FrameworkException.php on line 33.
 1 SYSTEMPATH\View\View.php(201): CodeIgniter\Exceptions\FrameworkException::forInvalidFile('inicio.php')
 2 SYSTEMPATH\Common.php(1184): CodeIgniter\View\View->render('inicio', [], true)
 3 APPPATH\Controllers\Home.php(17): view('inicio')
 4 SYSTEMPATH\CodeIgniter.php(934): App\Controllers\Home->inicio()
 5 SYSTEMPATH\CodeIgniter.php(499): CodeIgniter\CodeIgniter->runController(Object(App\Controllers\Home))
 6 SYSTEMPATH\CodeIgniter.php(368): CodeIgniter\CodeIgniter->handleRequest(null, Object(Config\Cache), false)
 7 FCPATH\index.php(67): CodeIgniter\CodeIgniter->run()
INFO - 2023-05-22 21:50:32 --> Session: Class initialized using 'CodeIgniter\Session\Handlers\FileHandler' driver.
CRITICAL - 2023-05-22 21:50:32 --> Invalid file: "inicio.php"
in SYSTEMPATH\Exceptions\FrameworkException.php on line 33.
 1 SYSTEMPATH\View\View.php(201): CodeIgniter\Exceptions\FrameworkException::forInvalidFile('inicio.php')
 2 SYSTEMPATH\Common.php(1184): CodeIgniter\View\View->render('inicio', [], true)
 3 APPPATH\Controllers\Home.php(17): view('inicio')
 4 SYSTEMPATH\CodeIgniter.php(934): App\Controllers\Home->inicio()
 5 SYSTEMPATH\CodeIgniter.php(499): CodeIgniter\CodeIgniter->runController(Object(App\Controllers\Home))
 6 SYSTEMPATH\CodeIgniter.php(368): CodeIgniter\CodeIgniter->handleRequest(null, Object(Config\Cache), false)
 7 FCPATH\index.php(67): CodeIgniter\CodeIgniter->run()
CRITICAL - 2023-05-22 21:50:50 --> Call to undefined method App\Models\UsuarioModel::guardar
in SYSTEMPATH\Model.php on line 842.
 1 APPPATH\Controllers\UsuarioController.php(34): CodeIgniter\Model->__call('guardar', [...])
 2 SYSTEMPATH\CodeIgniter.php(934): App\Controllers\UsuarioController->guardar()
 3 SYSTEMPATH\CodeIgniter.php(499): CodeIgniter\CodeIgniter->runController(Object(App\Controllers\UsuarioController))
 4 SYSTEMPATH\CodeIgniter.php(368): CodeIgniter\CodeIgniter->handleRequest(null, Object(Config\Cache), false)
 5 FCPATH\index.php(67): CodeIgniter\CodeIgniter->run()
CRITICAL - 2023-05-22 21:52:04 --> The route for "/inicioSession" cannot be found.
in SYSTEMPATH\HTTP\RedirectResponse.php on line 60.
 1 SYSTEMPATH\HTTP\RedirectResponse.php(60): CodeIgniter\HTTP\Exceptions\HTTPException::forInvalidRedirectRoute('/inicioSession')
 2 SYSTEMPATH\Common.php(880): CodeIgniter\HTTP\RedirectResponse->route(false)
 3 APPPATH\Controllers\UsuarioController.php(36): redirect('/inicioSession')
 4 SYSTEMPATH\CodeIgniter.php(934): App\Controllers\UsuarioController->guardar()
 5 SYSTEMPATH\CodeIgniter.php(499): CodeIgniter\CodeIgniter->runController(Object(App\Controllers\UsuarioController))
 6 SYSTEMPATH\CodeIgniter.php(368): CodeIgniter\CodeIgniter->handleRequest(null, Object(Config\Cache), false)
 7 FCPATH\index.php(67): CodeIgniter\CodeIgniter->run()
INFO - 2023-05-22 22:23:57 --> Session: Class initialized using 'CodeIgniter\Session\Handlers\FileHandler' driver.
CRITICAL - 2023-05-22 22:23:57 --> Invalid file: "inicio.php"
in SYSTEMPATH\Exceptions\FrameworkException.php on line 33.
 1 SYSTEMPATH\View\View.php(201): CodeIgniter\Exceptions\FrameworkException::forInvalidFile('inicio.php')
 2 SYSTEMPATH\Common.php(1184): CodeIgniter\View\View->render('inicio', [], true)
 3 APPPATH\Controllers\Home.php(17): view('inicio')
 4 SYSTEMPATH\CodeIgniter.php(934): App\Controllers\Home->inicio()
 5 SYSTEMPATH\CodeIgniter.php(499): CodeIgniter\CodeIgniter->runController(Object(App\Controllers\Home))
 6 SYSTEMPATH\CodeIgniter.php(368): CodeIgniter\CodeIgniter->handleRequest(null, Object(Config\Cache), false)
 7 FCPATH\index.php(67): CodeIgniter\CodeIgniter->run()
INFO - 2023-05-22 22:24:48 --> Session: Class initialized using 'CodeIgniter\Session\Handlers\FileHandler' driver.
CRITICAL - 2023-05-22 22:24:48 --> Invalid file: "inicio.php"
in SYSTEMPATH\Exceptions\FrameworkException.php on line 33.
 1 SYSTEMPATH\View\View.php(201): CodeIgniter\Exceptions\FrameworkException::forInvalidFile('inicio.php')
 2 SYSTEMPATH\Common.php(1184): CodeIgniter\View\View->render('inicio', [], true)
 3 APPPATH\Controllers\Home.php(17): view('inicio')
 4 SYSTEMPATH\CodeIgniter.php(934): App\Controllers\Home->inicio()
 5 SYSTEMPATH\CodeIgniter.php(499): CodeIgniter\CodeIgniter->runController(Object(App\Controllers\Home))
 6 SYSTEMPATH\CodeIgniter.php(368): CodeIgniter\CodeIgniter->handleRequest(null, Object(Config\Cache), false)
 7 FCPATH\index.php(67): CodeIgniter\CodeIgniter->run()
