INFO - 2023-05-28 01:39:13 --> Session: Class initialized using 'CodeIgniter\Session\Handlers\FileHandler' driver.
CRITICAL - 2023-05-28 01:39:13 --> Undefined variable $producto
in APPPATH\Views\plantillas\producto\listar.php on line 3.
 1 APPPATH\Views\plantillas\producto\listar.php(3): CodeIgniter\Debug\Exceptions->errorHandler(2, 'Undefined variable $producto', 'C:\\xampp\\htdocs\\Proyecto_Fernandez_Aimara\\app\\Views\\plantillas\\producto\\listar.php', 3)
 2 SYSTEMPATH\View\View.php(213): include('C:\\xampp\\htdocs\\Proyecto_Fernandez_Aimara\\app\\Views\\plantillas\\producto\\listar.php')
 3 SYSTEMPATH\View\View.php(216): CodeIgniter\View\View->CodeIgniter\View\{closure}()
 4 SYSTEMPATH\Common.php(1184): CodeIgniter\View\View->render('plantillas/producto/listar.php', [], true)
 5 APPPATH\Controllers\ProductoController.php(18): view('plantillas/producto/listar.php')
 6 SYSTEMPATH\CodeIgniter.php(934): App\Controllers\ProductoController->listarProducto()
 7 SYSTEMPATH\CodeIgniter.php(499): CodeIgniter\CodeIgniter->runController(Object(App\Controllers\ProductoController))
 8 SYSTEMPATH\CodeIgniter.php(368): CodeIgniter\CodeIgniter->handleRequest(null, Object(Config\Cache), false)
 9 FCPATH\index.php(67): CodeIgniter\CodeIgniter->run()
INFO - 2023-05-28 01:39:15 --> Session: Class initialized using 'CodeIgniter\Session\Handlers\FileHandler' driver.
CRITICAL - 2023-05-28 01:39:15 --> Undefined variable $producto
in APPPATH\Views\plantillas\producto\listar.php on line 3.
 1 APPPATH\Views\plantillas\producto\listar.php(3): CodeIgniter\Debug\Exceptions->errorHandler(2, 'Undefined variable $producto', 'C:\\xampp\\htdocs\\Proyecto_Fernandez_Aimara\\app\\Views\\plantillas\\producto\\listar.php', 3)
 2 SYSTEMPATH\View\View.php(213): include('C:\\xampp\\htdocs\\Proyecto_Fernandez_Aimara\\app\\Views\\plantillas\\producto\\listar.php')
 3 SYSTEMPATH\View\View.php(216): CodeIgniter\View\View->CodeIgniter\View\{closure}()
 4 SYSTEMPATH\Common.php(1184): CodeIgniter\View\View->render('plantillas/producto/listar.php', [], true)
 5 APPPATH\Controllers\ProductoController.php(18): view('plantillas/producto/listar.php')
 6 SYSTEMPATH\CodeIgniter.php(934): App\Controllers\ProductoController->listarProducto()
 7 SYSTEMPATH\CodeIgniter.php(499): CodeIgniter\CodeIgniter->runController(Object(App\Controllers\ProductoController))
 8 SYSTEMPATH\CodeIgniter.php(368): CodeIgniter\CodeIgniter->handleRequest(null, Object(Config\Cache), false)
 9 FCPATH\index.php(67): CodeIgniter\CodeIgniter->run()
INFO - 2023-05-28 01:49:29 --> Session: Class initialized using 'CodeIgniter\Session\Handlers\FileHandler' driver.
INFO - 2023-05-28 01:50:28 --> Session: Class initialized using 'CodeIgniter\Session\Handlers\FileHandler' driver.
INFO - 2023-05-28 01:50:29 --> Session: Class initialized using 'CodeIgniter\Session\Handlers\FileHandler' driver.
INFO - 2023-05-28 01:50:30 --> Session: Class initialized using 'CodeIgniter\Session\Handlers\FileHandler' driver.
INFO - 2023-05-28 01:50:31 --> Session: Class initialized using 'CodeIgniter\Session\Handlers\FileHandler' driver.
INFO - 2023-05-28 01:52:22 --> Session: Class initialized using 'CodeIgniter\Session\Handlers\FileHandler' driver.
CRITICAL - 2023-05-28 01:52:22 --> Undefined variable $productos
in APPPATH\Views\plantillas\producto\listar.php on line 3.
 1 APPPATH\Views\plantillas\producto\listar.php(3): CodeIgniter\Debug\Exceptions->errorHandler(2, 'Undefined variable $productos', 'C:\\xampp\\htdocs\\Proyecto_Fernandez_Aimara\\app\\Views\\plantillas\\producto\\listar.php', 3)
 2 SYSTEMPATH\View\View.php(213): include('C:\\xampp\\htdocs\\Proyecto_Fernandez_Aimara\\app\\Views\\plantillas\\producto\\listar.php')
 3 SYSTEMPATH\View\View.php(216): CodeIgniter\View\View->CodeIgniter\View\{closure}()
 4 SYSTEMPATH\Common.php(1184): CodeIgniter\View\View->render('plantillas/producto/listar.php', [], true)
 5 APPPATH\Controllers\ProductoController.php(18): view('plantillas/producto/listar.php')
 6 SYSTEMPATH\CodeIgniter.php(934): App\Controllers\ProductoController->listarProducto()
 7 SYSTEMPATH\CodeIgniter.php(499): CodeIgniter\CodeIgniter->runController(Object(App\Controllers\ProductoController))
 8 SYSTEMPATH\CodeIgniter.php(368): CodeIgniter\CodeIgniter->handleRequest(null, Object(Config\Cache), false)
 9 FCPATH\index.php(67): CodeIgniter\CodeIgniter->run()
INFO - 2023-05-28 01:53:36 --> Session: Class initialized using 'CodeIgniter\Session\Handlers\FileHandler' driver.
INFO - 2023-05-28 01:53:55 --> Session: Class initialized using 'CodeIgniter\Session\Handlers\FileHandler' driver.
INFO - 2023-05-28 01:54:00 --> Session: Class initialized using 'CodeIgniter\Session\Handlers\FileHandler' driver.
CRITICAL - 2023-05-28 01:54:00 --> Undefined variable $productos
in APPPATH\Views\plantillas\producto\listar.php on line 3.
 1 APPPATH\Views\plantillas\producto\listar.php(3): CodeIgniter\Debug\Exceptions->errorHandler(2, 'Undefined variable $productos', 'C:\\xampp\\htdocs\\Proyecto_Fernandez_Aimara\\app\\Views\\plantillas\\producto\\listar.php', 3)
 2 SYSTEMPATH\View\View.php(213): include('C:\\xampp\\htdocs\\Proyecto_Fernandez_Aimara\\app\\Views\\plantillas\\producto\\listar.php')
 3 SYSTEMPATH\View\View.php(216): CodeIgniter\View\View->CodeIgniter\View\{closure}()
 4 SYSTEMPATH\Common.php(1184): CodeIgniter\View\View->render('plantillas/producto/listar.php', [], true)
 5 APPPATH\Controllers\ProductoController.php(18): view('plantillas/producto/listar.php')
 6 SYSTEMPATH\CodeIgniter.php(934): App\Controllers\ProductoController->listarProducto()
 7 SYSTEMPATH\CodeIgniter.php(499): CodeIgniter\CodeIgniter->runController(Object(App\Controllers\ProductoController))
 8 SYSTEMPATH\CodeIgniter.php(368): CodeIgniter\CodeIgniter->handleRequest(null, Object(Config\Cache), false)
 9 FCPATH\index.php(67): CodeIgniter\CodeIgniter->run()
INFO - 2023-05-28 01:55:47 --> Session: Class initialized using 'CodeIgniter\Session\Handlers\FileHandler' driver.
CRITICAL - 2023-05-28 01:55:51 --> Undefined variable $productos
in APPPATH\Views\plantillas\producto\listar.php on line 3.
 1 APPPATH\Views\plantillas\producto\listar.php(3): CodeIgniter\Debug\Exceptions->errorHandler(2, 'Undefined variable $productos', 'C:\\xampp\\htdocs\\Proyecto_Fernandez_Aimara\\app\\Views\\plantillas\\producto\\listar.php', 3)
 2 SYSTEMPATH\View\View.php(213): include('C:\\xampp\\htdocs\\Proyecto_Fernandez_Aimara\\app\\Views\\plantillas\\producto\\listar.php')
 3 SYSTEMPATH\View\View.php(216): CodeIgniter\View\View->CodeIgniter\View\{closure}()
 4 SYSTEMPATH\Common.php(1184): CodeIgniter\View\View->render('plantillas/producto/listar.php', [], true)
 5 APPPATH\Controllers\ProductoController.php(15): view('plantillas/producto/listar.php')
 6 SYSTEMPATH\CodeIgniter.php(934): App\Controllers\ProductoController->listarProducto()
 7 SYSTEMPATH\CodeIgniter.php(499): CodeIgniter\CodeIgniter->runController(Object(App\Controllers\ProductoController))
 8 SYSTEMPATH\CodeIgniter.php(368): CodeIgniter\CodeIgniter->handleRequest(null, Object(Config\Cache), false)
 9 FCPATH\index.php(67): CodeIgniter\CodeIgniter->run()
CRITICAL - 2023-05-28 01:56:33 --> Undefined variable $productos
in APPPATH\Views\plantillas\producto\listar.php on line 3.
 1 APPPATH\Views\plantillas\producto\listar.php(3): CodeIgniter\Debug\Exceptions->errorHandler(2, 'Undefined variable $productos', 'C:\\xampp\\htdocs\\Proyecto_Fernandez_Aimara\\app\\Views\\plantillas\\producto\\listar.php', 3)
 2 SYSTEMPATH\View\View.php(213): include('C:\\xampp\\htdocs\\Proyecto_Fernandez_Aimara\\app\\Views\\plantillas\\producto\\listar.php')
 3 SYSTEMPATH\View\View.php(216): CodeIgniter\View\View->CodeIgniter\View\{closure}()
 4 SYSTEMPATH\Common.php(1184): CodeIgniter\View\View->render('plantillas/producto/listar.php', [], true)
 5 APPPATH\Controllers\ProductoController.php(15): view('plantillas/producto/listar.php')
 6 SYSTEMPATH\CodeIgniter.php(934): App\Controllers\ProductoController->listarProducto()
 7 SYSTEMPATH\CodeIgniter.php(499): CodeIgniter\CodeIgniter->runController(Object(App\Controllers\ProductoController))
 8 SYSTEMPATH\CodeIgniter.php(368): CodeIgniter\CodeIgniter->handleRequest(null, Object(Config\Cache), false)
 9 FCPATH\index.php(67): CodeIgniter\CodeIgniter->run()
CRITICAL - 2023-05-28 01:56:34 --> Undefined variable $productos
in APPPATH\Views\plantillas\producto\listar.php on line 3.
 1 APPPATH\Views\plantillas\producto\listar.php(3): CodeIgniter\Debug\Exceptions->errorHandler(2, 'Undefined variable $productos', 'C:\\xampp\\htdocs\\Proyecto_Fernandez_Aimara\\app\\Views\\plantillas\\producto\\listar.php', 3)
 2 SYSTEMPATH\View\View.php(213): include('C:\\xampp\\htdocs\\Proyecto_Fernandez_Aimara\\app\\Views\\plantillas\\producto\\listar.php')
 3 SYSTEMPATH\View\View.php(216): CodeIgniter\View\View->CodeIgniter\View\{closure}()
 4 SYSTEMPATH\Common.php(1184): CodeIgniter\View\View->render('plantillas/producto/listar.php', [], true)
 5 APPPATH\Controllers\ProductoController.php(15): view('plantillas/producto/listar.php')
 6 SYSTEMPATH\CodeIgniter.php(934): App\Controllers\ProductoController->listarProducto()
 7 SYSTEMPATH\CodeIgniter.php(499): CodeIgniter\CodeIgniter->runController(Object(App\Controllers\ProductoController))
 8 SYSTEMPATH\CodeIgniter.php(368): CodeIgniter\CodeIgniter->handleRequest(null, Object(Config\Cache), false)
 9 FCPATH\index.php(67): CodeIgniter\CodeIgniter->run()
CRITICAL - 2023-05-28 01:56:35 --> Undefined variable $productos
in APPPATH\Views\plantillas\producto\listar.php on line 3.
 1 APPPATH\Views\plantillas\producto\listar.php(3): CodeIgniter\Debug\Exceptions->errorHandler(2, 'Undefined variable $productos', 'C:\\xampp\\htdocs\\Proyecto_Fernandez_Aimara\\app\\Views\\plantillas\\producto\\listar.php', 3)
 2 SYSTEMPATH\View\View.php(213): include('C:\\xampp\\htdocs\\Proyecto_Fernandez_Aimara\\app\\Views\\plantillas\\producto\\listar.php')
 3 SYSTEMPATH\View\View.php(216): CodeIgniter\View\View->CodeIgniter\View\{closure}()
 4 SYSTEMPATH\Common.php(1184): CodeIgniter\View\View->render('plantillas/producto/listar.php', [], true)
 5 APPPATH\Controllers\ProductoController.php(15): view('plantillas/producto/listar.php')
 6 SYSTEMPATH\CodeIgniter.php(934): App\Controllers\ProductoController->listarProducto()
 7 SYSTEMPATH\CodeIgniter.php(499): CodeIgniter\CodeIgniter->runController(Object(App\Controllers\ProductoController))
 8 SYSTEMPATH\CodeIgniter.php(368): CodeIgniter\CodeIgniter->handleRequest(null, Object(Config\Cache), false)
 9 FCPATH\index.php(67): CodeIgniter\CodeIgniter->run()
CRITICAL - 2023-05-28 01:56:36 --> Undefined variable $productos
in APPPATH\Views\plantillas\producto\listar.php on line 3.
 1 APPPATH\Views\plantillas\producto\listar.php(3): CodeIgniter\Debug\Exceptions->errorHandler(2, 'Undefined variable $productos', 'C:\\xampp\\htdocs\\Proyecto_Fernandez_Aimara\\app\\Views\\plantillas\\producto\\listar.php', 3)
 2 SYSTEMPATH\View\View.php(213): include('C:\\xampp\\htdocs\\Proyecto_Fernandez_Aimara\\app\\Views\\plantillas\\producto\\listar.php')
 3 SYSTEMPATH\View\View.php(216): CodeIgniter\View\View->CodeIgniter\View\{closure}()
 4 SYSTEMPATH\Common.php(1184): CodeIgniter\View\View->render('plantillas/producto/listar.php', [], true)
 5 APPPATH\Controllers\ProductoController.php(15): view('plantillas/producto/listar.php')
 6 SYSTEMPATH\CodeIgniter.php(934): App\Controllers\ProductoController->listarProducto()
 7 SYSTEMPATH\CodeIgniter.php(499): CodeIgniter\CodeIgniter->runController(Object(App\Controllers\ProductoController))
 8 SYSTEMPATH\CodeIgniter.php(368): CodeIgniter\CodeIgniter->handleRequest(null, Object(Config\Cache), false)
 9 FCPATH\index.php(67): CodeIgniter\CodeIgniter->run()
CRITICAL - 2023-05-28 02:00:13 --> Undefined variable $productos
in APPPATH\Views\plantillas\producto\listar.php on line 3.
 1 APPPATH\Views\plantillas\producto\listar.php(3): CodeIgniter\Debug\Exceptions->errorHandler(2, 'Undefined variable $productos', 'C:\\xampp\\htdocs\\Proyecto_Fernandez_Aimara\\app\\Views\\plantillas\\producto\\listar.php', 3)
 2 SYSTEMPATH\View\View.php(213): include('C:\\xampp\\htdocs\\Proyecto_Fernandez_Aimara\\app\\Views\\plantillas\\producto\\listar.php')
 3 SYSTEMPATH\View\View.php(216): CodeIgniter\View\View->CodeIgniter\View\{closure}()
 4 SYSTEMPATH\Common.php(1184): CodeIgniter\View\View->render('plantillas/producto/listar.php', [], true)
 5 APPPATH\Controllers\ProductoController.php(21): view('plantillas/producto/listar.php')
 6 SYSTEMPATH\CodeIgniter.php(934): App\Controllers\ProductoController->listarProducto()
 7 SYSTEMPATH\CodeIgniter.php(499): CodeIgniter\CodeIgniter->runController(Object(App\Controllers\ProductoController))
 8 SYSTEMPATH\CodeIgniter.php(368): CodeIgniter\CodeIgniter->handleRequest(null, Object(Config\Cache), false)
 9 FCPATH\index.php(67): CodeIgniter\CodeIgniter->run()
CRITICAL - 2023-05-28 02:00:15 --> Undefined variable $productos
in APPPATH\Views\plantillas\producto\listar.php on line 3.
 1 APPPATH\Views\plantillas\producto\listar.php(3): CodeIgniter\Debug\Exceptions->errorHandler(2, 'Undefined variable $productos', 'C:\\xampp\\htdocs\\Proyecto_Fernandez_Aimara\\app\\Views\\plantillas\\producto\\listar.php', 3)
 2 SYSTEMPATH\View\View.php(213): include('C:\\xampp\\htdocs\\Proyecto_Fernandez_Aimara\\app\\Views\\plantillas\\producto\\listar.php')
 3 SYSTEMPATH\View\View.php(216): CodeIgniter\View\View->CodeIgniter\View\{closure}()
 4 SYSTEMPATH\Common.php(1184): CodeIgniter\View\View->render('plantillas/producto/listar.php', [], true)
 5 APPPATH\Controllers\ProductoController.php(21): view('plantillas/producto/listar.php')
 6 SYSTEMPATH\CodeIgniter.php(934): App\Controllers\ProductoController->listarProducto()
 7 SYSTEMPATH\CodeIgniter.php(499): CodeIgniter\CodeIgniter->runController(Object(App\Controllers\ProductoController))
 8 SYSTEMPATH\CodeIgniter.php(368): CodeIgniter\CodeIgniter->handleRequest(null, Object(Config\Cache), false)
 9 FCPATH\index.php(67): CodeIgniter\CodeIgniter->run()
INFO - 2023-05-28 02:01:05 --> Session: Class initialized using 'CodeIgniter\Session\Handlers\FileHandler' driver.
INFO - 2023-05-28 02:07:48 --> Session: Class initialized using 'CodeIgniter\Session\Handlers\FileHandler' driver.
INFO - 2023-05-28 02:08:12 --> Session: Class initialized using 'CodeIgniter\Session\Handlers\FileHandler' driver.
INFO - 2023-05-28 02:08:13 --> Session: Class initialized using 'CodeIgniter\Session\Handlers\FileHandler' driver.
INFO - 2023-05-28 02:08:14 --> Session: Class initialized using 'CodeIgniter\Session\Handlers\FileHandler' driver.
INFO - 2023-05-28 02:16:26 --> Session: Class initialized using 'CodeIgniter\Session\Handlers\FileHandler' driver.
INFO - 2023-05-28 02:16:39 --> Session: Class initialized using 'CodeIgniter\Session\Handlers\FileHandler' driver.
INFO - 2023-05-28 02:21:07 --> Session: Class initialized using 'CodeIgniter\Session\Handlers\FileHandler' driver.
INFO - 2023-05-28 02:21:15 --> Session: Class initialized using 'CodeIgniter\Session\Handlers\FileHandler' driver.
INFO - 2023-05-28 02:35:45 --> Session: Class initialized using 'CodeIgniter\Session\Handlers\FileHandler' driver.
INFO - 2023-05-28 02:36:04 --> Session: Class initialized using 'CodeIgniter\Session\Handlers\FileHandler' driver.
INFO - 2023-05-28 02:36:06 --> Session: Class initialized using 'CodeIgniter\Session\Handlers\FileHandler' driver.
INFO - 2023-05-28 02:43:55 --> Session: Class initialized using 'CodeIgniter\Session\Handlers\FileHandler' driver.
INFO - 2023-05-28 02:44:44 --> Session: Class initialized using 'CodeIgniter\Session\Handlers\FileHandler' driver.
INFO - 2023-05-28 02:51:27 --> Session: Class initialized using 'CodeIgniter\Session\Handlers\FileHandler' driver.
INFO - 2023-05-28 03:34:31 --> Session: Class initialized using 'CodeIgniter\Session\Handlers\FileHandler' driver.
INFO - 2023-05-28 03:34:41 --> Session: Class initialized using 'CodeIgniter\Session\Handlers\FileHandler' driver.
CRITICAL - 2023-05-28 03:34:56 --> The original file is not a valid file.
in SYSTEMPATH\HTTP\Files\UploadedFile.php on line 137.
 1 SYSTEMPATH\HTTP\Files\UploadedFile.php(137): CodeIgniter\HTTP\Exceptions\HTTPException::forInvalidFile()
 2 APPPATH\Controllers\ProductoController.php(54): CodeIgniter\HTTP\Files\UploadedFile->move('assest/img/productos/', '1685244896_f6e03acde726cbfea0e6')
 3 SYSTEMPATH\CodeIgniter.php(934): App\Controllers\ProductoController->guardar()
 4 SYSTEMPATH\CodeIgniter.php(499): CodeIgniter\CodeIgniter->runController(Object(App\Controllers\ProductoController))
 5 SYSTEMPATH\CodeIgniter.php(368): CodeIgniter\CodeIgniter->handleRequest(null, Object(Config\Cache), false)
 6 FCPATH\index.php(67): CodeIgniter\CodeIgniter->run()
INFO - 2023-05-28 03:35:04 --> Session: Class initialized using 'CodeIgniter\Session\Handlers\FileHandler' driver.
INFO - 2023-05-28 03:37:13 --> Session: Class initialized using 'CodeIgniter\Session\Handlers\FileHandler' driver.
INFO - 2023-05-28 03:38:28 --> Session: Class initialized using 'CodeIgniter\Session\Handlers\FileHandler' driver.
INFO - 2023-05-28 04:15:41 --> Session: Class initialized using 'CodeIgniter\Session\Handlers\FileHandler' driver.
INFO - 2023-05-28 04:39:25 --> Session: Class initialized using 'CodeIgniter\Session\Handlers\FileHandler' driver.
INFO - 2023-05-28 04:39:36 --> Session: Class initialized using 'CodeIgniter\Session\Handlers\FileHandler' driver.
INFO - 2023-05-28 04:41:14 --> Session: Class initialized using 'CodeIgniter\Session\Handlers\FileHandler' driver.
INFO - 2023-05-28 04:41:19 --> Session: Class initialized using 'CodeIgniter\Session\Handlers\FileHandler' driver.
INFO - 2023-05-28 04:41:27 --> Session: Class initialized using 'CodeIgniter\Session\Handlers\FileHandler' driver.
INFO - 2023-05-28 04:42:13 --> Session: Class initialized using 'CodeIgniter\Session\Handlers\FileHandler' driver.
INFO - 2023-05-28 04:42:30 --> Session: Class initialized using 'CodeIgniter\Session\Handlers\FileHandler' driver.
INFO - 2023-05-28 05:05:18 --> Session: Class initialized using 'CodeIgniter\Session\Handlers\FileHandler' driver.
CRITICAL - 2023-05-28 05:05:21 --> unlink(assets/img/productos/imagen.jpg): No such file or directory
in APPPATH\Controllers\ProductoController.php on line 76.
 1 [internal function]: CodeIgniter\Debug\Exceptions->errorHandler(2, 'unlink(assets/img/productos/imagen.jpg): No such file or directory', 'C:\\xampp\\htdocs\\Proyecto_Fernandez_Aimara\\app\\Controllers\\ProductoController.php', 76)
 2 APPPATH\Controllers\ProductoController.php(76): unlink('assets/img/productos/imagen.jpg')
 3 SYSTEMPATH\CodeIgniter.php(934): App\Controllers\ProductoController->borrar('3')
 4 SYSTEMPATH\CodeIgniter.php(499): CodeIgniter\CodeIgniter->runController(Object(App\Controllers\ProductoController))
 5 SYSTEMPATH\CodeIgniter.php(368): CodeIgniter\CodeIgniter->handleRequest(null, Object(Config\Cache), false)
 6 FCPATH\index.php(67): CodeIgniter\CodeIgniter->run()
INFO - 2023-05-28 05:05:25 --> Session: Class initialized using 'CodeIgniter\Session\Handlers\FileHandler' driver.
INFO - 2023-05-28 05:05:27 --> Session: Class initialized using 'CodeIgniter\Session\Handlers\FileHandler' driver.
INFO - 2023-05-28 05:06:35 --> Session: Class initialized using 'CodeIgniter\Session\Handlers\FileHandler' driver.
INFO - 2023-05-28 05:07:29 --> Session: Class initialized using 'CodeIgniter\Session\Handlers\FileHandler' driver.
INFO - 2023-05-28 05:07:48 --> Session: Class initialized using 'CodeIgniter\Session\Handlers\FileHandler' driver.
INFO - 2023-05-28 05:07:53 --> Session: Class initialized using 'CodeIgniter\Session\Handlers\FileHandler' driver.
INFO - 2023-05-28 05:18:08 --> Session: Class initialized using 'CodeIgniter\Session\Handlers\FileHandler' driver.
INFO - 2023-05-28 05:20:13 --> Session: Class initialized using 'CodeIgniter\Session\Handlers\FileHandler' driver.
INFO - 2023-05-28 05:20:18 --> Session: Class initialized using 'CodeIgniter\Session\Handlers\FileHandler' driver.
INFO - 2023-05-28 05:21:01 --> Session: Class initialized using 'CodeIgniter\Session\Handlers\FileHandler' driver.
INFO - 2023-05-28 05:21:49 --> Session: Class initialized using 'CodeIgniter\Session\Handlers\FileHandler' driver.
INFO - 2023-05-28 05:24:56 --> Session: Class initialized using 'CodeIgniter\Session\Handlers\FileHandler' driver.
INFO - 2023-05-28 05:25:47 --> Session: Class initialized using 'CodeIgniter\Session\Handlers\FileHandler' driver.
INFO - 2023-05-28 05:27:17 --> Session: Class initialized using 'CodeIgniter\Session\Handlers\FileHandler' driver.
INFO - 2023-05-28 05:27:25 --> Session: Class initialized using 'CodeIgniter\Session\Handlers\FileHandler' driver.
INFO - 2023-05-28 05:27:27 --> Session: Class initialized using 'CodeIgniter\Session\Handlers\FileHandler' driver.
INFO - 2023-05-28 05:28:20 --> Session: Class initialized using 'CodeIgniter\Session\Handlers\FileHandler' driver.
INFO - 2023-05-28 05:28:41 --> Session: Class initialized using 'CodeIgniter\Session\Handlers\FileHandler' driver.
INFO - 2023-05-28 05:28:56 --> Session: Class initialized using 'CodeIgniter\Session\Handlers\FileHandler' driver.
INFO - 2023-05-28 05:29:11 --> Session: Class initialized using 'CodeIgniter\Session\Handlers\FileHandler' driver.
INFO - 2023-05-28 05:29:27 --> Session: Class initialized using 'CodeIgniter\Session\Handlers\FileHandler' driver.
INFO - 2023-05-28 05:29:36 --> Session: Class initialized using 'CodeIgniter\Session\Handlers\FileHandler' driver.
INFO - 2023-05-28 05:30:05 --> Session: Class initialized using 'CodeIgniter\Session\Handlers\FileHandler' driver.
CRITICAL - 2023-05-28 05:31:47 --> Trying to access array offset on value of type null
in APPPATH\Controllers\UsuarioController.php on line 90.
 1 APPPATH\Controllers\UsuarioController.php(90): CodeIgniter\Debug\Exceptions->errorHandler(2, 'Trying to access array offset on value of type null', 'C:\\xampp\\htdocs\\Proyecto_Fernandez_Aimara\\app\\Controllers\\UsuarioController.php', 90)
 2 SYSTEMPATH\CodeIgniter.php(934): App\Controllers\UsuarioController->login()
 3 SYSTEMPATH\CodeIgniter.php(499): CodeIgniter\CodeIgniter->runController(Object(App\Controllers\UsuarioController))
 4 SYSTEMPATH\CodeIgniter.php(368): CodeIgniter\CodeIgniter->handleRequest(null, Object(Config\Cache), false)
 5 FCPATH\index.php(67): CodeIgniter\CodeIgniter->run()
INFO - 2023-05-28 05:42:26 --> Session: Class initialized using 'CodeIgniter\Session\Handlers\FileHandler' driver.
CRITICAL - 2023-05-28 05:42:36 --> Trying to access array offset on value of type null
in APPPATH\Controllers\UsuarioController.php on line 90.
 1 APPPATH\Controllers\UsuarioController.php(90): CodeIgniter\Debug\Exceptions->errorHandler(2, 'Trying to access array offset on value of type null', 'C:\\xampp\\htdocs\\Proyecto_Fernandez_Aimara\\app\\Controllers\\UsuarioController.php', 90)
 2 SYSTEMPATH\CodeIgniter.php(934): App\Controllers\UsuarioController->login()
 3 SYSTEMPATH\CodeIgniter.php(499): CodeIgniter\CodeIgniter->runController(Object(App\Controllers\UsuarioController))
 4 SYSTEMPATH\CodeIgniter.php(368): CodeIgniter\CodeIgniter->handleRequest(null, Object(Config\Cache), false)
 5 FCPATH\index.php(67): CodeIgniter\CodeIgniter->run()
INFO - 2023-05-28 05:43:06 --> Session: Class initialized using 'CodeIgniter\Session\Handlers\FileHandler' driver.
INFO - 2023-05-28 05:43:08 --> Session: Class initialized using 'CodeIgniter\Session\Handlers\FileHandler' driver.
INFO - 2023-05-28 05:43:15 --> Session: Class initialized using 'CodeIgniter\Session\Handlers\FileHandler' driver.
INFO - 2023-05-28 05:51:52 --> Session: Class initialized using 'CodeIgniter\Session\Handlers\FileHandler' driver.
INFO - 2023-05-28 05:51:54 --> Session: Class initialized using 'CodeIgniter\Session\Handlers\FileHandler' driver.
INFO - 2023-05-28 05:52:12 --> Session: Class initialized using 'CodeIgniter\Session\Handlers\FileHandler' driver.
INFO - 2023-05-28 05:52:43 --> Session: Class initialized using 'CodeIgniter\Session\Handlers\FileHandler' driver.
INFO - 2023-05-28 05:53:56 --> Session: Class initialized using 'CodeIgniter\Session\Handlers\FileHandler' driver.
INFO - 2023-05-28 05:54:33 --> Session: Class initialized using 'CodeIgniter\Session\Handlers\FileHandler' driver.
INFO - 2023-05-28 05:54:35 --> Session: Class initialized using 'CodeIgniter\Session\Handlers\FileHandler' driver.
INFO - 2023-05-28 05:55:43 --> Session: Class initialized using 'CodeIgniter\Session\Handlers\FileHandler' driver.
INFO - 2023-05-28 05:55:45 --> Session: Class initialized using 'CodeIgniter\Session\Handlers\FileHandler' driver.
CRITICAL - 2023-05-28 05:55:53 --> Array to string conversion
in APPPATH\Controllers\UsuarioController.php on line 92.
 1 APPPATH\Controllers\UsuarioController.php(92): CodeIgniter\Debug\Exceptions->errorHandler(2, 'Array to string conversion', 'C:\\xampp\\htdocs\\Proyecto_Fernandez_Aimara\\app\\Controllers\\UsuarioController.php', 92)
 2 SYSTEMPATH\CodeIgniter.php(934): App\Controllers\UsuarioController->login()
 3 SYSTEMPATH\CodeIgniter.php(499): CodeIgniter\CodeIgniter->runController(Object(App\Controllers\UsuarioController))
 4 SYSTEMPATH\CodeIgniter.php(368): CodeIgniter\CodeIgniter->handleRequest(null, Object(Config\Cache), false)
 5 FCPATH\index.php(67): CodeIgniter\CodeIgniter->run()
INFO - 2023-05-28 05:59:56 --> Session: Class initialized using 'CodeIgniter\Session\Handlers\FileHandler' driver.
INFO - 2023-05-28 05:59:58 --> Session: Class initialized using 'CodeIgniter\Session\Handlers\FileHandler' driver.
INFO - 2023-05-28 06:03:35 --> Session: Class initialized using 'CodeIgniter\Session\Handlers\FileHandler' driver.
INFO - 2023-05-28 06:03:38 --> Session: Class initialized using 'CodeIgniter\Session\Handlers\FileHandler' driver.
INFO - 2023-05-28 06:04:17 --> Session: Class initialized using 'CodeIgniter\Session\Handlers\FileHandler' driver.
INFO - 2023-05-28 06:04:19 --> Session: Class initialized using 'CodeIgniter\Session\Handlers\FileHandler' driver.
INFO - 2023-05-28 06:06:30 --> Session: Class initialized using 'CodeIgniter\Session\Handlers\FileHandler' driver.
INFO - 2023-05-28 06:06:32 --> Session: Class initialized using 'CodeIgniter\Session\Handlers\FileHandler' driver.
INFO - 2023-05-28 06:06:40 --> Session: Class initialized using 'CodeIgniter\Session\Handlers\FileHandler' driver.
INFO - 2023-05-28 06:07:24 --> Session: Class initialized using 'CodeIgniter\Session\Handlers\FileHandler' driver.
INFO - 2023-05-28 06:07:28 --> Session: Class initialized using 'CodeIgniter\Session\Handlers\FileHandler' driver.
INFO - 2023-05-28 06:07:36 --> Session: Class initialized using 'CodeIgniter\Session\Handlers\FileHandler' driver.
INFO - 2023-05-28 06:07:50 --> Session: Class initialized using 'CodeIgniter\Session\Handlers\FileHandler' driver.
INFO - 2023-05-28 06:09:51 --> Session: Class initialized using 'CodeIgniter\Session\Handlers\FileHandler' driver.
INFO - 2023-05-28 06:10:02 --> Session: Class initialized using 'CodeIgniter\Session\Handlers\FileHandler' driver.
INFO - 2023-05-28 06:10:07 --> Session: Class initialized using 'CodeIgniter\Session\Handlers\FileHandler' driver.
INFO - 2023-05-28 06:10:09 --> Session: Class initialized using 'CodeIgniter\Session\Handlers\FileHandler' driver.
INFO - 2023-05-28 06:10:16 --> Session: Class initialized using 'CodeIgniter\Session\Handlers\FileHandler' driver.
INFO - 2023-05-28 06:10:20 --> Session: Class initialized using 'CodeIgniter\Session\Handlers\FileHandler' driver.
INFO - 2023-05-28 06:10:22 --> Session: Class initialized using 'CodeIgniter\Session\Handlers\FileHandler' driver.
INFO - 2023-05-28 06:10:31 --> Session: Class initialized using 'CodeIgniter\Session\Handlers\FileHandler' driver.
INFO - 2023-05-28 06:10:35 --> Session: Class initialized using 'CodeIgniter\Session\Handlers\FileHandler' driver.
INFO - 2023-05-28 06:15:34 --> Session: Class initialized using 'CodeIgniter\Session\Handlers\FileHandler' driver.
INFO - 2023-05-28 06:15:36 --> Session: Class initialized using 'CodeIgniter\Session\Handlers\FileHandler' driver.
INFO - 2023-05-28 06:15:44 --> Session: Class initialized using 'CodeIgniter\Session\Handlers\FileHandler' driver.
INFO - 2023-05-28 06:16:07 --> Session: Class initialized using 'CodeIgniter\Session\Handlers\FileHandler' driver.
INFO - 2023-05-28 06:16:09 --> Session: Class initialized using 'CodeIgniter\Session\Handlers\FileHandler' driver.
INFO - 2023-05-28 06:24:38 --> Session: Class initialized using 'CodeIgniter\Session\Handlers\FileHandler' driver.
INFO - 2023-05-28 06:24:40 --> Session: Class initialized using 'CodeIgniter\Session\Handlers\FileHandler' driver.
INFO - 2023-05-28 06:24:46 --> Session: Class initialized using 'CodeIgniter\Session\Handlers\FileHandler' driver.
INFO - 2023-05-28 06:25:19 --> Session: Class initialized using 'CodeIgniter\Session\Handlers\FileHandler' driver.
INFO - 2023-05-28 06:25:21 --> Session: Class initialized using 'CodeIgniter\Session\Handlers\FileHandler' driver.
INFO - 2023-05-28 06:25:28 --> Session: Class initialized using 'CodeIgniter\Session\Handlers\FileHandler' driver.
CRITICAL - 2023-05-28 06:45:30 --> Unclosed '{' on line 6
in APPPATH\Controllers\UsuarioController.php on line 137.
 1 SYSTEMPATH\Autoloader\Autoloader.php(289): CodeIgniter\Autoloader\Autoloader->includeFile('C:\\xampp\\htdocs\\Proyecto_Fernandez_Aimara\\app\\Controllers\\UsuarioController.php')
 2 SYSTEMPATH\Autoloader\Autoloader.php(267): CodeIgniter\Autoloader\Autoloader->loadInNamespace('App\\Controllers\\UsuarioController')
 3 [internal function]: CodeIgniter\Autoloader\Autoloader->loadClass('App\\Controllers\\UsuarioController')
 4 SYSTEMPATH\CodeIgniter.php(892): class_exists('\\App\\Controllers\\UsuarioController', true)
 5 SYSTEMPATH\CodeIgniter.php(486): CodeIgniter\CodeIgniter->startController()
 6 SYSTEMPATH\CodeIgniter.php(368): CodeIgniter\CodeIgniter->handleRequest(null, Object(Config\Cache), false)
 7 FCPATH\index.php(67): CodeIgniter\CodeIgniter->run()
INFO - 2023-05-28 06:45:49 --> Session: Class initialized using 'CodeIgniter\Session\Handlers\FileHandler' driver.
INFO - 2023-05-28 06:47:47 --> Session: Class initialized using 'CodeIgniter\Session\Handlers\FileHandler' driver.
INFO - 2023-05-28 06:47:49 --> Session: Class initialized using 'CodeIgniter\Session\Handlers\FileHandler' driver.
INFO - 2023-05-28 06:49:20 --> Session: Class initialized using 'CodeIgniter\Session\Handlers\FileHandler' driver.
INFO - 2023-05-28 06:49:22 --> Session: Class initialized using 'CodeIgniter\Session\Handlers\FileHandler' driver.
INFO - 2023-05-28 06:54:49 --> Session: Class initialized using 'CodeIgniter\Session\Handlers\FileHandler' driver.
INFO - 2023-05-28 06:54:52 --> Session: Class initialized using 'CodeIgniter\Session\Handlers\FileHandler' driver.
INFO - 2023-05-28 06:55:40 --> Session: Class initialized using 'CodeIgniter\Session\Handlers\FileHandler' driver.
INFO - 2023-05-28 06:55:42 --> Session: Class initialized using 'CodeIgniter\Session\Handlers\FileHandler' driver.
INFO - 2023-05-28 06:56:16 --> Session: Class initialized using 'CodeIgniter\Session\Handlers\FileHandler' driver.
INFO - 2023-05-28 16:00:47 --> Session: Class initialized using 'CodeIgniter\Session\Handlers\FileHandler' driver.
INFO - 2023-05-28 16:01:10 --> Session: Class initialized using 'CodeIgniter\Session\Handlers\FileHandler' driver.
INFO - 2023-05-28 16:01:12 --> Session: Class initialized using 'CodeIgniter\Session\Handlers\FileHandler' driver.
INFO - 2023-05-28 16:03:01 --> Session: Class initialized using 'CodeIgniter\Session\Handlers\FileHandler' driver.
INFO - 2023-05-28 16:03:03 --> Session: Class initialized using 'CodeIgniter\Session\Handlers\FileHandler' driver.
INFO - 2023-05-28 16:03:09 --> Session: Class initialized using 'CodeIgniter\Session\Handlers\FileHandler' driver.
INFO - 2023-05-28 16:05:22 --> Session: Class initialized using 'CodeIgniter\Session\Handlers\FileHandler' driver.
INFO - 2023-05-28 16:05:29 --> Session: Class initialized using 'CodeIgniter\Session\Handlers\FileHandler' driver.
INFO - 2023-05-28 16:06:54 --> Session: Class initialized using 'CodeIgniter\Session\Handlers\FileHandler' driver.
INFO - 2023-05-28 16:06:59 --> Session: Class initialized using 'CodeIgniter\Session\Handlers\FileHandler' driver.
INFO - 2023-05-28 16:07:01 --> Session: Class initialized using 'CodeIgniter\Session\Handlers\FileHandler' driver.
INFO - 2023-05-28 16:07:09 --> Session: Class initialized using 'CodeIgniter\Session\Handlers\FileHandler' driver.
INFO - 2023-05-28 16:07:16 --> Session: Class initialized using 'CodeIgniter\Session\Handlers\FileHandler' driver.
CRITICAL - 2023-05-28 16:07:31 --> Undefined array key "password"
in APPPATH\Controllers\UsuarioController.php on line 42.
 1 APPPATH\Controllers\UsuarioController.php(42): CodeIgniter\Debug\Exceptions->errorHandler(2, 'Undefined array key "password"', 'C:\\xampp\\htdocs\\Proyecto_Fernandez_Aimara\\app\\Controllers\\UsuarioController.php', 42)
 2 SYSTEMPATH\CodeIgniter.php(934): App\Controllers\UsuarioController->guardar()
 3 SYSTEMPATH\CodeIgniter.php(499): CodeIgniter\CodeIgniter->runController(Object(App\Controllers\UsuarioController))
 4 SYSTEMPATH\CodeIgniter.php(368): CodeIgniter\CodeIgniter->handleRequest(null, Object(Config\Cache), false)
 5 FCPATH\index.php(67): CodeIgniter\CodeIgniter->run()
INFO - 2023-05-28 16:08:23 --> Session: Class initialized using 'CodeIgniter\Session\Handlers\FileHandler' driver.
CRITICAL - 2023-05-28 16:08:46 --> Undefined array key "password"
in APPPATH\Controllers\UsuarioController.php on line 42.
 1 APPPATH\Controllers\UsuarioController.php(42): CodeIgniter\Debug\Exceptions->errorHandler(2, 'Undefined array key "password"', 'C:\\xampp\\htdocs\\Proyecto_Fernandez_Aimara\\app\\Controllers\\UsuarioController.php', 42)
 2 SYSTEMPATH\CodeIgniter.php(934): App\Controllers\UsuarioController->guardar()
 3 SYSTEMPATH\CodeIgniter.php(499): CodeIgniter\CodeIgniter->runController(Object(App\Controllers\UsuarioController))
 4 SYSTEMPATH\CodeIgniter.php(368): CodeIgniter\CodeIgniter->handleRequest(null, Object(Config\Cache), false)
 5 FCPATH\index.php(67): CodeIgniter\CodeIgniter->run()
INFO - 2023-05-28 16:15:17 --> Session: Class initialized using 'CodeIgniter\Session\Handlers\FileHandler' driver.
INFO - 2023-05-28 16:15:19 --> Session: Class initialized using 'CodeIgniter\Session\Handlers\FileHandler' driver.
INFO - 2023-05-28 16:15:20 --> Session: Class initialized using 'CodeIgniter\Session\Handlers\FileHandler' driver.
CRITICAL - 2023-05-28 16:15:23 --> Undefined array key "password"
in APPPATH\Controllers\UsuarioController.php on line 42.
 1 APPPATH\Controllers\UsuarioController.php(42): CodeIgniter\Debug\Exceptions->errorHandler(2, 'Undefined array key "password"', 'C:\\xampp\\htdocs\\Proyecto_Fernandez_Aimara\\app\\Controllers\\UsuarioController.php', 42)
 2 SYSTEMPATH\CodeIgniter.php(934): App\Controllers\UsuarioController->guardar()
 3 SYSTEMPATH\CodeIgniter.php(499): CodeIgniter\CodeIgniter->runController(Object(App\Controllers\UsuarioController))
 4 SYSTEMPATH\CodeIgniter.php(368): CodeIgniter\CodeIgniter->handleRequest(null, Object(Config\Cache), false)
 5 FCPATH\index.php(67): CodeIgniter\CodeIgniter->run()
INFO - 2023-05-28 17:42:31 --> Session: Class initialized using 'CodeIgniter\Session\Handlers\FileHandler' driver.
INFO - 2023-05-28 17:42:41 --> Session: Class initialized using 'CodeIgniter\Session\Handlers\FileHandler' driver.
INFO - 2023-05-28 17:49:56 --> Session: Class initialized using 'CodeIgniter\Session\Handlers\FileHandler' driver.
INFO - 2023-05-28 17:49:59 --> Session: Class initialized using 'CodeIgniter\Session\Handlers\FileHandler' driver.
CRITICAL - 2023-05-28 17:50:25 --> The original file is not a valid file.
in SYSTEMPATH\HTTP\Files\UploadedFile.php on line 137.
 1 SYSTEMPATH\HTTP\Files\UploadedFile.php(137): CodeIgniter\HTTP\Exceptions\HTTPException::forInvalidFile()
 2 APPPATH\Controllers\ProductoController.php(56): CodeIgniter\HTTP\Files\UploadedFile->move('assets/img/productos/', '1685296225_3e236e7b15d67b9a4731')
 3 SYSTEMPATH\CodeIgniter.php(934): App\Controllers\ProductoController->guardar()
 4 SYSTEMPATH\CodeIgniter.php(499): CodeIgniter\CodeIgniter->runController(Object(App\Controllers\ProductoController))
 5 SYSTEMPATH\CodeIgniter.php(368): CodeIgniter\CodeIgniter->handleRequest(null, Object(Config\Cache), false)
 6 FCPATH\index.php(67): CodeIgniter\CodeIgniter->run()
INFO - 2023-05-28 18:00:32 --> Session: Class initialized using 'CodeIgniter\Session\Handlers\FileHandler' driver.
INFO - 2023-05-28 18:00:38 --> Session: Class initialized using 'CodeIgniter\Session\Handlers\FileHandler' driver.
INFO - 2023-05-28 18:01:02 --> Session: Class initialized using 'CodeIgniter\Session\Handlers\FileHandler' driver.
INFO - 2023-05-28 18:04:59 --> Session: Class initialized using 'CodeIgniter\Session\Handlers\FileHandler' driver.
INFO - 2023-05-28 18:05:00 --> Session: Class initialized using 'CodeIgniter\Session\Handlers\FileHandler' driver.
INFO - 2023-05-28 18:05:01 --> Session: Class initialized using 'CodeIgniter\Session\Handlers\FileHandler' driver.
INFO - 2023-05-28 18:05:14 --> Session: Class initialized using 'CodeIgniter\Session\Handlers\FileHandler' driver.
INFO - 2023-05-28 18:05:42 --> Session: Class initialized using 'CodeIgniter\Session\Handlers\FileHandler' driver.
INFO - 2023-05-28 18:06:10 --> Session: Class initialized using 'CodeIgniter\Session\Handlers\FileHandler' driver.
INFO - 2023-05-28 18:15:17 --> Session: Class initialized using 'CodeIgniter\Session\Handlers\FileHandler' driver.
INFO - 2023-05-28 18:15:20 --> Session: Class initialized using 'CodeIgniter\Session\Handlers\FileHandler' driver.
CRITICAL - 2023-05-28 18:15:26 --> unlink(assets/img/productos/imagen.jpg): No such file or directory
in APPPATH\Controllers\ProductoController.php on line 84.
 1 [internal function]: CodeIgniter\Debug\Exceptions->errorHandler(2, 'unlink(assets/img/productos/imagen.jpg): No such file or directory', 'C:\\xampp\\htdocs\\Proyecto_Fernandez_Aimara\\app\\Controllers\\ProductoController.php', 84)
 2 APPPATH\Controllers\ProductoController.php(84): unlink('assets/img/productos/imagen.jpg')
 3 SYSTEMPATH\CodeIgniter.php(934): App\Controllers\ProductoController->borrar('3')
 4 SYSTEMPATH\CodeIgniter.php(499): CodeIgniter\CodeIgniter->runController(Object(App\Controllers\ProductoController))
 5 SYSTEMPATH\CodeIgniter.php(368): CodeIgniter\CodeIgniter->handleRequest(null, Object(Config\Cache), false)
 6 FCPATH\index.php(67): CodeIgniter\CodeIgniter->run()
INFO - 2023-05-28 18:19:30 --> Session: Class initialized using 'CodeIgniter\Session\Handlers\FileHandler' driver.
INFO - 2023-05-28 18:19:33 --> Session: Class initialized using 'CodeIgniter\Session\Handlers\FileHandler' driver.
INFO - 2023-05-28 18:19:41 --> Session: Class initialized using 'CodeIgniter\Session\Handlers\FileHandler' driver.
INFO - 2023-05-28 18:20:10 --> Session: Class initialized using 'CodeIgniter\Session\Handlers\FileHandler' driver.
INFO - 2023-05-28 18:20:32 --> Session: Class initialized using 'CodeIgniter\Session\Handlers\FileHandler' driver.
INFO - 2023-05-28 18:20:46 --> Session: Class initialized using 'CodeIgniter\Session\Handlers\FileHandler' driver.
INFO - 2023-05-28 18:21:27 --> Session: Class initialized using 'CodeIgniter\Session\Handlers\FileHandler' driver.
INFO - 2023-05-28 18:21:53 --> Session: Class initialized using 'CodeIgniter\Session\Handlers\FileHandler' driver.
INFO - 2023-05-28 18:23:34 --> Session: Class initialized using 'CodeIgniter\Session\Handlers\FileHandler' driver.
INFO - 2023-05-28 18:24:01 --> Session: Class initialized using 'CodeIgniter\Session\Handlers\FileHandler' driver.
INFO - 2023-05-28 18:24:54 --> Session: Class initialized using 'CodeIgniter\Session\Handlers\FileHandler' driver.
INFO - 2023-05-28 18:25:12 --> Session: Class initialized using 'CodeIgniter\Session\Handlers\FileHandler' driver.
INFO - 2023-05-28 18:25:31 --> Session: Class initialized using 'CodeIgniter\Session\Handlers\FileHandler' driver.
INFO - 2023-05-28 18:26:07 --> Session: Class initialized using 'CodeIgniter\Session\Handlers\FileHandler' driver.
INFO - 2023-05-28 18:27:00 --> Session: Class initialized using 'CodeIgniter\Session\Handlers\FileHandler' driver.
INFO - 2023-05-28 19:45:16 --> Session: Class initialized using 'CodeIgniter\Session\Handlers\FileHandler' driver.
INFO - 2023-05-28 19:45:20 --> Session: Class initialized using 'CodeIgniter\Session\Handlers\FileHandler' driver.
